<?xml version="1.0" encoding="UTF-8"?>
<testng-results skipped="0" failed="0" total="1" passed="1">
  <reporter-output>
  </reporter-output>
  <suite name="Default suite" duration-ms="20305" started-at="2019-06-10T16:33:18Z" finished-at="2019-06-10T16:33:38Z">
    <groups>
    </groups>
    <test name="Default test" duration-ms="20305" started-at="2019-06-10T16:33:18Z" finished-at="2019-06-10T16:33:38Z">
      <class name="com.sf.qa.testcases.LoginTests">
        <test-method status="PASS" signature="TestInitialization()[pri:0, instance:com.sf.qa.testcases.LoginTests@23223dd8]" name="TestInitialization" is-config="true" duration-ms="18017" started-at="2019-06-10T22:03:18Z" finished-at="2019-06-10T22:03:36Z">
          <reporter-output>
          </reporter-output>
        </test-method> <!-- TestInitialization -->
        <test-method status="PASS" signature="loginTest()[pri:0, instance:com.sf.qa.testcases.LoginTests@23223dd8]" name="loginTest" duration-ms="1500" started-at="2019-06-10T22:03:36Z" finished-at="2019-06-10T22:03:37Z">
          <reporter-output>
          </reporter-output>
        </test-method> <!-- loginTest -->
        <test-method status="PASS" signature="TestCleanup()[pri:0, instance:com.sf.qa.testcases.LoginTests@23223dd8]" name="TestCleanup" is-config="true" duration-ms="770" started-at="2019-06-10T22:03:37Z" finished-at="2019-06-10T22:03:38Z">
          <reporter-output>
          </reporter-output>
        </test-method> <!-- TestCleanup -->
      </class> <!-- com.sf.qa.testcases.LoginTests -->
    </test> <!-- Default test -->
  </suite> <!-- Default suite -->
</testng-results>
